<?xml version="1.0" encoding="UTF-8"?>
<!-- Generated by org.testng.reporters.JUnitXMLReporter -->
<testsuite ignored="3" hostname="DESKTOP-FOPQIB1" failures="0" tests="3" name="Test" time="0.181" errors="0" timestamp="2023-03-20T15:29:33 IST">
  <testcase classname="OrangeHRM.Example5include" name="beetroot" time="0.024"/>
  <testcase classname="OrangeHRM.Example5include" name="carrot" time="0.005"/>
  <testcase classname="OrangeHRM.Example5include" name="potato" time="0.006"/>
  <testcase classname="OrangeHRM.Example5include" name="mango" time="0.0">
    <ignored/>
  </testcase> <!-- mango -->
  <testcase classname="OrangeHRM.Example5include" name="grapes" time="0.0">
    <ignored/>
  </testcase> <!-- grapes -->
  <testcase classname="OrangeHRM.Example5include" name="apple" time="0.0">
    <ignored/>
  </testcase> <!-- apple -->
</testsuite> <!-- Test -->
